<?xml version="1.0" encoding="UTF-8"?>
<robot generator="Robot 7.1.1 (Python 3.13.0 on darwin)" generated="2024-11-26T12:54:09.208478" rpa="false" schemaversion="5">
<suite id="s1" name="Kadena Tests" source="/Users/redenlongcop/Documents/KADENA_AUTOMATION/testsuites/Kadena_Tests.robot">
<test id="s1-t1" name="Test Case 1: Login with invalid password" line="15">
<kw name="Open Test Browser" owner="Common" type="SETUP">
<kw name="Set Selenium Timeout" owner="SeleniumLibrary">
<arg>10s</arg>
<doc>Sets the timeout that is used by various keywords.</doc>
<status status="PASS" start="2024-11-26T12:54:53.860354" elapsed="0.000466"/>
</kw>
<kw name="Empty Directory" owner="OperatingSystem">
<msg time="2024-11-26T12:54:53.861371" level="INFO" html="true">Listing contents of directory '&lt;a href="file:///Users/redenlongcop/Documents/KADENA_AUTOMATION/testsuites/screenshots"&gt;/Users/redenlongcop/Documents/KADENA_AUTOMATION/testsuites/screenshots&lt;/a&gt;'.</msg>
<msg time="2024-11-26T12:54:53.885683" level="INFO" html="true">Emptied directory '&lt;a href="file:///Users/redenlongcop/Documents/KADENA_AUTOMATION/testsuites/screenshots"&gt;/Users/redenlongcop/Documents/KADENA_AUTOMATION/testsuites/screenshots&lt;/a&gt;'.</msg>
<arg>testsuites/screenshots</arg>
<doc>Deletes all the content from the given directory.</doc>
<status status="PASS" start="2024-11-26T12:54:53.861071" elapsed="0.024770"/>
</kw>
<kw name="Set Screenshot Directory" owner="SeleniumLibrary">
<arg>testsuites/screenshots</arg>
<doc>Sets the directory for captured screenshots.</doc>
<status status="PASS" start="2024-11-26T12:54:53.886076" elapsed="0.000284"/>
</kw>
<kw name="Evaluate" owner="BuiltIn">
<msg time="2024-11-26T12:54:53.886904" level="INFO">${options} = &lt;selenium.webdriver.chrome.options.Options object at 0x1066bea50&gt;</msg>
<var>${options}</var>
<arg>sys.modules['selenium.webdriver'].${name}Options()</arg>
<arg>sys, selenium.webdriver</arg>
<doc>Evaluates the given expression in Python and returns the result.</doc>
<status status="PASS" start="2024-11-26T12:54:53.886524" elapsed="0.000405"/>
</kw>
<kw name="Call Method" owner="BuiltIn">
<arg>${options}</arg>
<arg>add_argument</arg>
<arg>--incognito</arg>
<doc>Calls the named method of the given object with the provided arguments.</doc>
<status status="PASS" start="2024-11-26T12:54:53.887043" elapsed="0.000104"/>
</kw>
<kw name="Call Method" owner="BuiltIn">
<arg>${options}</arg>
<arg>add_argument</arg>
<arg>--disable-application-cache</arg>
<doc>Calls the named method of the given object with the provided arguments.</doc>
<status status="PASS" start="2024-11-26T12:54:53.887246" elapsed="0.000088"/>
</kw>
<kw name="Create Webdriver" owner="SeleniumLibrary">
<msg time="2024-11-26T12:54:53.887597" level="INFO">Creating an instance of the Chrome WebDriver.</msg>
<arg>${name}</arg>
<arg>options=${options}</arg>
<doc>Creates an instance of Selenium WebDriver.</doc>
<status status="PASS" start="2024-11-26T12:54:53.887445" elapsed="2.041839"/>
</kw>
<kw name="Maximize Browser Window" owner="SeleniumLibrary">
<doc>Maximizes current browser window.</doc>
<status status="PASS" start="2024-11-26T12:54:55.929709" elapsed="0.384062"/>
</kw>
<arg>${BROWSER_NAME}</arg>
<status status="PASS" start="2024-11-26T12:54:53.858590" elapsed="2.455422"/>
</kw>
<kw name="GIVEN I go to Login page" owner="KadenaApp">
<kw name="Navigate to login page" owner="Login">
<kw name="Go To" owner="SeleniumLibrary">
<msg time="2024-11-26T12:54:56.315264" level="INFO">Opening url 'https://kadena.test.amihan.net/'</msg>
<arg>${LOGINPAGE_URL}</arg>
<doc>Navigates the current browser window to the provided ``url``.</doc>
<status status="PASS" start="2024-11-26T12:54:56.315142" elapsed="1.284959"/>
</kw>
<status status="PASS" start="2024-11-26T12:54:56.314966" elapsed="1.285354"/>
</kw>
<kw name="Verify Page Loaded" owner="Login">
<kw name="Wait Until Page Contains" owner="SeleniumLibrary">
<arg>${LOGIN_HEADER}</arg>
<doc>Waits until ``text`` appears on the current page.</doc>
<status status="PASS" start="2024-11-26T12:54:57.600825" elapsed="0.011013"/>
</kw>
<status status="PASS" start="2024-11-26T12:54:57.600575" elapsed="0.011343"/>
</kw>
<status status="PASS" start="2024-11-26T12:54:56.314558" elapsed="1.297394"/>
</kw>
<kw name="AND I enter" owner="KadenaApp">
<kw name="Enter Credential" owner="Login">
<kw name="Input Text" owner="SeleniumLibrary">
<msg time="2024-11-26T12:54:57.613459" level="INFO">Typing text 'test-order-receiver-3@example.com' into text field 'id=username'.</msg>
<arg>${locator}</arg>
<arg>${credential}</arg>
<doc>Types the given ``text`` into the text field identified by ``locator``.</doc>
<status status="PASS" start="2024-11-26T12:54:57.612573" elapsed="0.131088"/>
</kw>
<arg>${credential}</arg>
<arg>${locator}</arg>
<status status="PASS" start="2024-11-26T12:54:57.612397" elapsed="0.131346"/>
</kw>
<arg>${VALID_ORDERING_EMAIL}</arg>
<arg>${EMAIL}</arg>
<status status="PASS" start="2024-11-26T12:54:57.612150" elapsed="0.131629"/>
</kw>
<kw name="AND I enter" owner="KadenaApp">
<kw name="Enter Credential" owner="Login">
<kw name="Input Text" owner="SeleniumLibrary">
<msg time="2024-11-26T12:54:57.744430" level="INFO">Typing text 'invalidpassword' into text field 'id=password'.</msg>
<arg>${locator}</arg>
<arg>${credential}</arg>
<doc>Types the given ``text`` into the text field identified by ``locator``.</doc>
<status status="PASS" start="2024-11-26T12:54:57.744321" elapsed="0.042568"/>
</kw>
<arg>${credential}</arg>
<arg>${locator}</arg>
<status status="PASS" start="2024-11-26T12:54:57.744163" elapsed="0.042793"/>
</kw>
<arg>${INVALID_PASSWORD}</arg>
<arg>${PASSWORD}</arg>
<status status="PASS" start="2024-11-26T12:54:57.743939" elapsed="0.043049"/>
</kw>
<kw name="WHEN I click the button" owner="KadenaApp">
<kw name="Click submit button" owner="Login">
<kw name="Click Button" owner="SeleniumLibrary">
<msg time="2024-11-26T12:54:57.787567" level="INFO">Clicking button 'name=login'.</msg>
<arg>${locator}</arg>
<doc>Clicks the button identified by ``locator``.</doc>
<status status="PASS" start="2024-11-26T12:54:57.787457" elapsed="1.267166"/>
</kw>
<arg>${locator}</arg>
<status status="PASS" start="2024-11-26T12:54:57.787320" elapsed="1.267501"/>
</kw>
<arg>${LOGIN_BUTTON}</arg>
<status status="PASS" start="2024-11-26T12:54:57.787138" elapsed="1.267789"/>
</kw>
<kw name="THEN A message should display" owner="KadenaApp">
<kw name="Validate Error Message" owner="Login">
<kw name="Page Should Contain" owner="SeleniumLibrary">
<msg time="2024-11-26T12:54:59.072736" level="INFO">Current page contains text 'Invalid username or password.'.</msg>
<arg>${text}</arg>
<doc>Verifies that current page contains ``text``.</doc>
<status status="PASS" start="2024-11-26T12:54:59.056329" elapsed="0.016504"/>
</kw>
<arg>${text}</arg>
<status status="PASS" start="2024-11-26T12:54:59.055961" elapsed="0.016993"/>
</kw>
<arg>${INVALID_ERROR_MESSAGE}</arg>
<status status="PASS" start="2024-11-26T12:54:59.055361" elapsed="0.017655"/>
</kw>
<kw name="Close Test Browser" owner="Common" type="TEARDOWN">
<kw name="Wait Until Keyword Succeeds" owner="BuiltIn">
<kw name="Capture Page Screenshot" owner="SeleniumLibrary">
<msg time="2024-11-26T12:54:59.265673" level="INFO" html="true">&lt;/td&gt;&lt;/tr&gt;&lt;tr&gt;&lt;td colspan="3"&gt;&lt;a href="../testsuites/screenshots/selenium-screenshot-1.png"&gt;&lt;img src="../testsuites/screenshots/selenium-screenshot-1.png" width="800px"&gt;&lt;/a&gt;</msg>
<doc>Takes a screenshot of the current page and embeds it into a log file.</doc>
<status status="PASS" start="2024-11-26T12:54:59.074252" elapsed="0.191493"/>
</kw>
<arg>10</arg>
<arg>1s</arg>
<arg>Capture Page Screenshot</arg>
<doc>Runs the specified keyword and retries if it fails.</doc>
<status status="PASS" start="2024-11-26T12:54:59.073810" elapsed="0.191987"/>
</kw>
<kw name="Close All Browsers" owner="SeleniumLibrary">
<doc>Closes all open browsers and resets the browser cache.</doc>
<status status="PASS" start="2024-11-26T12:54:59.265913" elapsed="0.073474"/>
</kw>
<status status="PASS" start="2024-11-26T12:54:59.073418" elapsed="0.266059"/>
</kw>
<doc>Login with invalid credentials</doc>
<tag>M0MAIN-SIT-001</tag>
<tag>MAIN</tag>
<status status="PASS" start="2024-11-26T12:54:53.857000" elapsed="5.482677"/>
</test>
<test id="s1-t2" name="Test Case 2: Login with invalid email" line="25">
<kw name="Open Test Browser" owner="Common" type="SETUP">
<kw name="Set Selenium Timeout" owner="SeleniumLibrary">
<arg>10s</arg>
<doc>Sets the timeout that is used by various keywords.</doc>
<status status="PASS" start="2024-11-26T12:54:59.341295" elapsed="0.000175"/>
</kw>
<kw name="Empty Directory" owner="OperatingSystem">
<msg time="2024-11-26T12:54:59.341711" level="INFO" html="true">Listing contents of directory '&lt;a href="file:///Users/redenlongcop/Documents/KADENA_AUTOMATION/testsuites/screenshots"&gt;/Users/redenlongcop/Documents/KADENA_AUTOMATION/testsuites/screenshots&lt;/a&gt;'.</msg>
<msg time="2024-11-26T12:54:59.341956" level="INFO" html="true">Emptied directory '&lt;a href="file:///Users/redenlongcop/Documents/KADENA_AUTOMATION/testsuites/screenshots"&gt;/Users/redenlongcop/Documents/KADENA_AUTOMATION/testsuites/screenshots&lt;/a&gt;'.</msg>
<arg>testsuites/screenshots</arg>
<doc>Deletes all the content from the given directory.</doc>
<status status="PASS" start="2024-11-26T12:54:59.341554" elapsed="0.000450"/>
</kw>
<kw name="Set Screenshot Directory" owner="SeleniumLibrary">
<arg>testsuites/screenshots</arg>
<doc>Sets the directory for captured screenshots.</doc>
<status status="PASS" start="2024-11-26T12:54:59.342103" elapsed="0.000129"/>
</kw>
<kw name="Evaluate" owner="BuiltIn">
<msg time="2024-11-26T12:54:59.342576" level="INFO">${options} = &lt;selenium.webdriver.chrome.options.Options object at 0x10a98d090&gt;</msg>
<var>${options}</var>
<arg>sys.modules['selenium.webdriver'].${name}Options()</arg>
<arg>sys, selenium.webdriver</arg>
<doc>Evaluates the given expression in Python and returns the result.</doc>
<status status="PASS" start="2024-11-26T12:54:59.342313" elapsed="0.000277"/>
</kw>
<kw name="Call Method" owner="BuiltIn">
<arg>${options}</arg>
<arg>add_argument</arg>
<arg>--incognito</arg>
<doc>Calls the named method of the given object with the provided arguments.</doc>
<status status="PASS" start="2024-11-26T12:54:59.342716" elapsed="0.000089"/>
</kw>
<kw name="Call Method" owner="BuiltIn">
<arg>${options}</arg>
<arg>add_argument</arg>
<arg>--disable-application-cache</arg>
<doc>Calls the named method of the given object with the provided arguments.</doc>
<status status="PASS" start="2024-11-26T12:54:59.342883" elapsed="0.000061"/>
</kw>
<kw name="Create Webdriver" owner="SeleniumLibrary">
<msg time="2024-11-26T12:54:59.343110" level="INFO">Creating an instance of the Chrome WebDriver.</msg>
<arg>${name}</arg>
<arg>options=${options}</arg>
<doc>Creates an instance of Selenium WebDriver.</doc>
<status status="PASS" start="2024-11-26T12:54:59.343011" elapsed="0.730438"/>
</kw>
<kw name="Maximize Browser Window" owner="SeleniumLibrary">
<doc>Maximizes current browser window.</doc>
<status status="PASS" start="2024-11-26T12:55:00.073759" elapsed="0.374367"/>
</kw>
<arg>${BROWSER_NAME}</arg>
<status status="PASS" start="2024-11-26T12:54:59.341076" elapsed="1.107172"/>
</kw>
<kw name="GIVEN I go to Login page" owner="KadenaApp">
<kw name="Navigate to login page" owner="Login">
<kw name="Go To" owner="SeleniumLibrary">
<msg time="2024-11-26T12:55:00.449359" level="INFO">Opening url 'https://kadena.test.amihan.net/'</msg>
<arg>${LOGINPAGE_URL}</arg>
<doc>Navigates the current browser window to the provided ``url``.</doc>
<status status="PASS" start="2024-11-26T12:55:00.449252" elapsed="1.127345"/>
</kw>
<status status="PASS" start="2024-11-26T12:55:00.449075" elapsed="1.127653"/>
</kw>
<kw name="Verify Page Loaded" owner="Login">
<kw name="Wait Until Page Contains" owner="SeleniumLibrary">
<arg>${LOGIN_HEADER}</arg>
<doc>Waits until ``text`` appears on the current page.</doc>
<status status="PASS" start="2024-11-26T12:55:01.577255" elapsed="0.012791"/>
</kw>
<status status="PASS" start="2024-11-26T12:55:01.576954" elapsed="0.013201"/>
</kw>
<status status="PASS" start="2024-11-26T12:55:00.448652" elapsed="1.141551"/>
</kw>
<kw name="AND I enter" owner="KadenaApp">
<kw name="Enter Credential" owner="Login">
<kw name="Input Text" owner="SeleniumLibrary">
<msg time="2024-11-26T12:55:01.591294" level="INFO">Typing text 'invalid@email.com' into text field 'id=username'.</msg>
<arg>${locator}</arg>
<arg>${credential}</arg>
<doc>Types the given ``text`` into the text field identified by ``locator``.</doc>
<status status="PASS" start="2024-11-26T12:55:01.591014" elapsed="0.108444"/>
</kw>
<arg>${credential}</arg>
<arg>${locator}</arg>
<status status="PASS" start="2024-11-26T12:55:01.590773" elapsed="0.108793"/>
</kw>
<arg>${INVALID_EMAIL}</arg>
<arg>${EMAIL}</arg>
<status status="PASS" start="2024-11-26T12:55:01.590440" elapsed="0.109184"/>
</kw>
<kw name="AND I enter" owner="KadenaApp">
<kw name="Enter Credential" owner="Login">
<kw name="Input Text" owner="SeleniumLibrary">
<msg time="2024-11-26T12:55:01.700309" level="INFO">Typing text 'password' into text field 'id=password'.</msg>
<arg>${locator}</arg>
<arg>${credential}</arg>
<doc>Types the given ``text`` into the text field identified by ``locator``.</doc>
<status status="PASS" start="2024-11-26T12:55:01.700192" elapsed="0.036110"/>
</kw>
<arg>${credential}</arg>
<arg>${locator}</arg>
<status status="PASS" start="2024-11-26T12:55:01.700029" elapsed="0.036340"/>
</kw>
<arg>${VALID_PASSWORD}</arg>
<arg>${PASSWORD}</arg>
<status status="PASS" start="2024-11-26T12:55:01.699798" elapsed="0.036601"/>
</kw>
<kw name="WHEN I click the button" owner="KadenaApp">
<kw name="Click submit button" owner="Login">
<kw name="Click Button" owner="SeleniumLibrary">
<msg time="2024-11-26T12:55:01.736940" level="INFO">Clicking button 'name=login'.</msg>
<arg>${locator}</arg>
<doc>Clicks the button identified by ``locator``.</doc>
<status status="PASS" start="2024-11-26T12:55:01.736852" elapsed="1.140980"/>
</kw>
<arg>${locator}</arg>
<status status="PASS" start="2024-11-26T12:55:01.736730" elapsed="1.141405"/>
</kw>
<arg>${LOGIN_BUTTON}</arg>
<status status="PASS" start="2024-11-26T12:55:01.736555" elapsed="1.141707"/>
</kw>
<kw name="THEN A message should display" owner="KadenaApp">
<kw name="Validate Error Message" owner="Login">
<kw name="Page Should Contain" owner="SeleniumLibrary">
<msg time="2024-11-26T12:55:02.898500" level="INFO">Current page contains text 'Invalid username or password.'.</msg>
<arg>${text}</arg>
<doc>Verifies that current page contains ``text``.</doc>
<status status="PASS" start="2024-11-26T12:55:02.879812" elapsed="0.018816"/>
</kw>
<arg>${text}</arg>
<status status="PASS" start="2024-11-26T12:55:02.879419" elapsed="0.019323"/>
</kw>
<arg>${INVALID_ERROR_MESSAGE}</arg>
<status status="PASS" start="2024-11-26T12:55:02.878807" elapsed="0.020260"/>
</kw>
<kw name="Close Test Browser" owner="Common" type="TEARDOWN">
<kw name="Wait Until Keyword Succeeds" owner="BuiltIn">
<kw name="Capture Page Screenshot" owner="SeleniumLibrary">
<msg time="2024-11-26T12:55:03.094118" level="INFO" html="true">&lt;/td&gt;&lt;/tr&gt;&lt;tr&gt;&lt;td colspan="3"&gt;&lt;a href="../testsuites/screenshots/selenium-screenshot-1.png"&gt;&lt;img src="../testsuites/screenshots/selenium-screenshot-1.png" width="800px"&gt;&lt;/a&gt;</msg>
<doc>Takes a screenshot of the current page and embeds it into a log file.</doc>
<status status="PASS" start="2024-11-26T12:55:02.901082" elapsed="0.193099"/>
</kw>
<arg>10</arg>
<arg>1s</arg>
<arg>Capture Page Screenshot</arg>
<doc>Runs the specified keyword and retries if it fails.</doc>
<status status="PASS" start="2024-11-26T12:55:02.900723" elapsed="0.193510"/>
</kw>
<kw name="Close All Browsers" owner="SeleniumLibrary">
<doc>Closes all open browsers and resets the browser cache.</doc>
<status status="PASS" start="2024-11-26T12:55:03.094336" elapsed="0.073827"/>
</kw>
<status status="PASS" start="2024-11-26T12:55:02.900270" elapsed="0.268016"/>
</kw>
<doc>Login with invalid credentials</doc>
<tag>M0MAIN-SIT-001</tag>
<tag>MAIN</tag>
<status status="PASS" start="2024-11-26T12:54:59.340569" elapsed="3.827801"/>
</test>
<doc>This is the main test suite of the Kadena project</doc>
<status status="PASS" start="2024-11-26T12:54:09.209535" elapsed="53.959256"/>
</suite>
<statistics>
<total>
<stat pass="2" fail="0" skip="0">All Tests</stat>
</total>
<tag>
<stat pass="2" fail="0" skip="0">M0MAIN-SIT-001</stat>
<stat pass="2" fail="0" skip="0">MAIN</stat>
</tag>
<suite>
<stat pass="2" fail="0" skip="0" id="s1" name="Kadena Tests">Kadena Tests</stat>
</suite>
</statistics>
<errors>
<msg time="2024-11-26T12:54:31.544018" level="ERROR">Error in file '/Users/redenlongcop/Documents/KADENA_AUTOMATION/resources/PO/Tableau.robot' on line 5: Initializing library 'SikuliLibrary' with no arguments failed: Start sikuli java process failed!
Traceback (most recent call last):
  File "/Users/redenlongcop/Documents/KADENA_AUTOMATION/.venv/lib/python3.13/site-packages/SikuliLibrary/sikuli.py", line 54, in __init__
    self.start_sikuli_process(port)
    ~~~~~~~~~~~~~~~~~~~~~~~~~^^^^^^
  File "/Users/redenlongcop/Documents/KADENA_AUTOMATION/.venv/lib/python3.13/site-packages/SikuliLibrary/sikuli.py", line 92, in start_sikuli_process
    raise RuntimeError('Start sikuli java process failed!')
RuntimeError: Start sikuli java process failed!</msg>
<msg time="2024-11-26T12:54:31.610602" level="WARN">Imported resource file '/Users/redenlongcop/Documents/KADENA_AUTOMATION/resources/PO/Ordering.robot' is empty.</msg>
<msg time="2024-11-26T12:54:31.610747" level="ERROR">Error in file '/Users/redenlongcop/Documents/KADENA_AUTOMATION/resources/KadenaApp.robot' on line 11: Library '../venv/lib/python3.13/site-packages/robot/libraries/Collections.py' does not exist.</msg>
<msg time="2024-11-26T12:54:53.855112" level="ERROR">Error in file '/Users/redenlongcop/Documents/KADENA_AUTOMATION/resources/KadenaApp.robot' on line 13: Initializing library 'SikuliLibrary' with no arguments failed: Start sikuli java process failed!
Traceback (most recent call last):
  File "/Users/redenlongcop/Documents/KADENA_AUTOMATION/.venv/lib/python3.13/site-packages/SikuliLibrary/sikuli.py", line 54, in __init__
    self.start_sikuli_process(port)
    ~~~~~~~~~~~~~~~~~~~~~~~~~^^^^^^
  File "/Users/redenlongcop/Documents/KADENA_AUTOMATION/.venv/lib/python3.13/site-packages/SikuliLibrary/sikuli.py", line 92, in start_sikuli_process
    raise RuntimeError('Start sikuli java process failed!')
RuntimeError: Start sikuli java process failed!</msg>
</errors>
</robot>
